<?xml version="1.0" encoding="UTF-8"?>
<!-- Generated by org.testng.reporters.JUnitReportReporter -->
<testsuite hostname="Home-pc" name="com.kirill.test.RemoveMessageTest" tests="1" failures="0" timestamp="20 Jul 2018 12:54:03 GMT" time="28.455" errors="0">
  <testcase name="removeMessageTest" time="28.455" classname="com.kirill.test.RemoveMessageTest"/>
</testsuite> <!-- com.kirill.test.RemoveMessageTest -->
