<?xml version="1.0" encoding="UTF-8"?>
<!-- Generated by org.testng.reporters.JUnitReportReporter -->
<testsuite hostname="Home-pc" name="com.kirill.test.SendMessageTest" tests="1" failures="0" timestamp="20 Jul 2018 12:54:03 GMT" time="14.384" errors="0">
  <testcase name="sendMessageTest" time="14.384" classname="com.kirill.test.SendMessageTest"/>
</testsuite> <!-- com.kirill.test.SendMessageTest -->
