<?xml version="1.0" encoding="UTF-8"?>
<!-- Generated by org.testng.reporters.JUnitReportReporter -->
<testsuite hostname="Home-pc" name="com.kirill.test.LoginTest" tests="1" failures="0" timestamp="20 Jul 2018 12:54:03 GMT" time="12.032" errors="0">
  <testcase name="loginTest" time="12.032" classname="com.kirill.test.LoginTest"/>
</testsuite> <!-- com.kirill.test.LoginTest -->
